                                      1 ;--------------------------------------------------------
                                      2 ; File Created by SDCC : free open source ANSI-C Compiler
                                      3 ; Version 3.8.0 #10562 (Linux)
                                      4 ;--------------------------------------------------------
                                      5 	.module main
                                      6 	.optsdcc -mstm8
                                      7 	
                                      8 ;--------------------------------------------------------
                                      9 ; Public variables in this module
                                     10 ;--------------------------------------------------------
                                     11 	.globl _main
                                     12 	.globl _assert_failed
                                     13 ;--------------------------------------------------------
                                     14 ; ram data
                                     15 ;--------------------------------------------------------
                                     16 	.area DATA
                                     17 ;--------------------------------------------------------
                                     18 ; ram data
                                     19 ;--------------------------------------------------------
                                     20 	.area INITIALIZED
                                     21 ;--------------------------------------------------------
                                     22 ; Stack segment in internal ram 
                                     23 ;--------------------------------------------------------
                                     24 	.area	SSEG
      000000                         25 __start__stack:
      000000                         26 	.ds	1
                                     27 
                                     28 ;--------------------------------------------------------
                                     29 ; absolute external ram data
                                     30 ;--------------------------------------------------------
                                     31 	.area DABS (ABS)
                                     32 
                                     33 ; default segment ordering for linker
                                     34 	.area HOME
                                     35 	.area GSINIT
                                     36 	.area GSFINAL
                                     37 	.area CONST
                                     38 	.area INITIALIZER
                                     39 	.area CODE
                                     40 
                                     41 ;--------------------------------------------------------
                                     42 ; interrupt vector 
                                     43 ;--------------------------------------------------------
                                     44 	.area HOME
      000000                         45 __interrupt_vect:
      000000 82v00u00u00             46 	int s_GSINIT ; reset
                                     47 ;--------------------------------------------------------
                                     48 ; global & static initialisations
                                     49 ;--------------------------------------------------------
                                     50 	.area HOME
                                     51 	.area GSINIT
                                     52 	.area GSFINAL
                                     53 	.area GSINIT
      000000                         54 __sdcc_gs_init_startup:
      000000                         55 __sdcc_init_data:
                                     56 ; stm8_genXINIT() start
      000000 AEr00r00         [ 2]   57 	ldw x, #l_DATA
      000003 27 07            [ 1]   58 	jreq	00002$
      000005                         59 00001$:
      000005 72 4FuFFuFF      [ 1]   60 	clr (s_DATA - 1, x)
      000009 5A               [ 2]   61 	decw x
      00000A 26 F9            [ 1]   62 	jrne	00001$
      00000C                         63 00002$:
      00000C AEr00r00         [ 2]   64 	ldw	x, #l_INITIALIZER
      00000F 27 09            [ 1]   65 	jreq	00004$
      000011                         66 00003$:
      000011 D6uFFuFF         [ 1]   67 	ld	a, (s_INITIALIZER - 1, x)
      000014 D7uFFuFF         [ 1]   68 	ld	(s_INITIALIZED - 1, x), a
      000017 5A               [ 2]   69 	decw	x
      000018 26 F7            [ 1]   70 	jrne	00003$
      00001A                         71 00004$:
                                     72 ; stm8_genXINIT() end
                                     73 	.area GSFINAL
      000000 CCr00r04         [ 2]   74 	jp	__sdcc_program_startup
                                     75 ;--------------------------------------------------------
                                     76 ; Home
                                     77 ;--------------------------------------------------------
                                     78 	.area HOME
                                     79 	.area HOME
      000004                         80 __sdcc_program_startup:
      000004 CCr00r00         [ 2]   81 	jp	_main
                                     82 ;	return from main will return to caller
                                     83 ;--------------------------------------------------------
                                     84 ; code
                                     85 ;--------------------------------------------------------
                                     86 	.area CODE
                                     87 ;	main.c: 36: void main(void)
                                     88 ;	-----------------------------------------
                                     89 ;	 function main
                                     90 ;	-----------------------------------------
      000000                         91 _main:
                                     92 ;	main.c: 39: while (1)
      000000                         93 00102$:
      000000 20 FE            [ 2]   94 	jra	00102$
                                     95 ;	main.c: 43: }
      000002 81               [ 4]   96 	ret
                                     97 ;	main.c: 54: void assert_failed(u8* file, u32 line)
                                     98 ;	-----------------------------------------
                                     99 ;	 function assert_failed
                                    100 ;	-----------------------------------------
      000003                        101 _assert_failed:
                                    102 ;	main.c: 60: while (1)
      000003                        103 00102$:
      000003 20 FE            [ 2]  104 	jra	00102$
                                    105 ;	main.c: 63: }
      000005 81               [ 4]  106 	ret
                                    107 	.area CODE
                                    108 	.area CONST
                                    109 	.area INITIALIZER
                                    110 	.area CABS (ABS)
